  drawing.cpp
C:\Users\Henrique\Desktop\league-hack\league-hack\league-hack\src\league-base\overlay\drawing.cpp(76,21): warning C4244: 'argument': conversion from 'int' to 'FLOAT', possible loss of data
C:\Users\Henrique\Desktop\league-hack\league-hack\league-hack\src\league-base\overlay\drawing.cpp(110,43): warning C4244: 'argument': conversion from 'float' to 'int', possible loss of data
C:\Users\Henrique\Desktop\league-hack\league-hack\league-hack\src\league-base\overlay\drawing.cpp(110,36): warning C4244: 'argument': conversion from 'float' to 'int', possible loss of data
C:\Users\Henrique\Desktop\league-hack\league-hack\league-hack\src\league-base\overlay\drawing.cpp(110,29): warning C4244: 'argument': conversion from 'float' to 'int', possible loss of data
C:\Users\Henrique\Desktop\league-hack\league-hack\league-hack\src\league-base\overlay\drawing.cpp(110,22): warning C4244: 'argument': conversion from 'float' to 'int', possible loss of data
C:\Users\Henrique\Desktop\league-hack\league-hack\league-hack\src\league-base\overlay\drawing.cpp(113,29): warning C4244: 'argument': conversion from 'float' to 'int', possible loss of data
C:\Users\Henrique\Desktop\league-hack\league-hack\league-hack\src\league-base\overlay\drawing.cpp(113,26): warning C4244: 'argument': conversion from 'float' to 'int', possible loss of data
C:\Users\Henrique\Desktop\league-hack\league-hack\league-hack\src\league-base\overlay\drawing.cpp(113,23): warning C4244: 'argument': conversion from 'float' to 'int', possible loss of data
C:\Users\Henrique\Desktop\league-hack\league-hack\league-hack\src\league-base\overlay\drawing.cpp(113,20): warning C4244: 'argument': conversion from 'float' to 'int', possible loss of data
  hack.cpp
C:\Users\Henrique\Desktop\league-hack\league-hack\league-hack\src\league-base\activeplayer.h(3,10): fatal error C1083: Cannot open include file: 'json.hpp': No such file or directory
  requests.cpp
  main.cpp
C:\Users\Henrique\Desktop\league-hack\league-hack\league-hack\src\league-base\activeplayer.h(3,10): fatal error C1083: Cannot open include file: 'json.hpp': No such file or directory
  utils.cpp
C:\Users\Henrique\Desktop\league-hack\league-hack\league-hack\src\league-base\utils\utils.cpp(17,19): warning C4244: '=': conversion from 'float' to 'LONG', possible loss of data
C:\Users\Henrique\Desktop\league-hack\league-hack\league-hack\src\league-base\utils\utils.cpp(18,19): warning C4244: '=': conversion from 'float' to 'LONG', possible loss of data
C:\Users\Henrique\Desktop\league-hack\league-hack\league-hack\src\league-base\utils\utils.cpp(57,16): warning C4244: '=': conversion from 'float' to 'LONG', possible loss of data
C:\Users\Henrique\Desktop\league-hack\league-hack\league-hack\src\league-base\utils\utils.cpp(58,16): warning C4244: '=': conversion from 'float' to 'LONG', possible loss of data
C:\Users\Henrique\Desktop\league-hack\league-hack\league-hack\src\league-base\utils\utils.cpp(68,16): warning C4244: '=': conversion from 'float' to 'LONG', possible loss of data
C:\Users\Henrique\Desktop\league-hack\league-hack\league-hack\src\league-base\utils\utils.cpp(69,16): warning C4244: '=': conversion from 'float' to 'LONG', possible loss of data
  Generating Code...
