  hack.cpp
C:\Users\Henrique\Desktop\league-of-legends\league-hack\league-hack\hack.cpp(96,32): warning C4267: '=': conversion from 'size_t' to 'int', possible loss of data
C:\Users\Henrique\Desktop\league-of-legends\league-hack\league-hack\hack.cpp(98,35): warning C4267: '=': conversion from 'size_t' to 'int', possible loss of data
C:\Users\Henrique\Desktop\league-of-legends\league-hack\league-hack\hack.cpp(252,20): warning C4244: '=': conversion from 'float' to 'LONG', possible loss of data
C:\Users\Henrique\Desktop\league-of-legends\league-hack\league-hack\hack.cpp(253,20): warning C4244: '=': conversion from 'float' to 'LONG', possible loss of data
C:\Users\Henrique\Desktop\league-of-legends\league-hack\league-hack\hack.cpp(262,17): warning C4244: '=': conversion from 'float' to 'LONG', possible loss of data
C:\Users\Henrique\Desktop\league-of-legends\league-hack\league-hack\hack.cpp(263,17): warning C4244: '=': conversion from 'float' to 'LONG', possible loss of data
C:\Users\Henrique\Desktop\league-of-legends\league-hack\league-hack\hack.cpp(273,17): warning C4244: '=': conversion from 'float' to 'LONG', possible loss of data
C:\Users\Henrique\Desktop\league-of-legends\league-hack\league-hack\hack.cpp(274,17): warning C4244: '=': conversion from 'float' to 'LONG', possible loss of data
  main.cpp
C:\Users\Henrique\Desktop\league-of-legends\league-hack\league-hack\main.cpp(41,84): warning C4244: 'argument': conversion from 'float' to 'int', possible loss of data
C:\Users\Henrique\Desktop\league-of-legends\league-hack\league-hack\main.cpp(41,67): warning C4244: 'argument': conversion from 'float' to 'int', possible loss of data
C:\Users\Henrique\Desktop\league-of-legends\league-hack\league-hack\main.cpp(41,63): warning C4244: 'argument': conversion from 'float' to 'int', possible loss of data
C:\Users\Henrique\Desktop\league-of-legends\league-hack\league-hack\main.cpp(41,39): warning C4244: 'argument': conversion from 'float' to 'int', possible loss of data
LINK : warning LNK4098: defaultlib 'LIBCMT' conflicts with use of other libs; use /NODEFAULTLIB:library
  Generating code
  6 of 2139 functions ( 0.3%) were compiled, the rest were copied from previous compilation.
    0 functions were new in current compilation
    3 functions had inline decision re-evaluated but remain unchanged
  Finished generating code
  league-hack.vcxproj -> C:\Users\Henrique\Desktop\league-of-legends\league-hack\x64\Release\league-hack.exe
